#
# A fatal error has been detected by the Java Runtime Environment:
#
#  EXCEPTION_ACCESS_VIOLATION (0xc0000005) at pc=0x6d166ad0, pid=5748, tid=5048
#
# JRE version: 6.0_21-b07
# Java VM: Java HotSpot(TM) Client VM (17.0-b17 mixed mode, sharing windows-x86 )
# Problematic frame:
# C  [awt.dll+0xb6ad0]
#
# If you would like to submit a bug report, please visit:
#   http://java.sun.com/webapps/bugreport/crash.jsp
# The crash happened outside the Java Virtual Machine in native code.
# See problematic frame for where to report the bug.
#

---------------  T H R E A D  ---------------

Current thread (0x04c8b000):  JavaThread "AWT-Windows" daemon [_thread_in_native, id=5048, stack(0x05070000,0x050c0000)]

siginfo: ExceptionCode=0xc0000005, reading address 0x00000000

Registers:
EAX=0x050bf878, EBX=0x04c933a8, ECX=0x0000008a, EDX=0x00000180
ESP=0x050bf860, EBP=0x775e1450, ESI=0x00000000, EDI=0x00000180
EIP=0x6d166ad0, EFLAGS=0x00010202

Top of Stack: (sp=0x050bf860)
0x050bf860:   050bf878 00001000 00000000 04c8b480
0x050bf870:   00000001 050bf868 050bf86c 6d15e4ad
0x050bf880:   00000000 00000000 04c8b480 6d15e57a
0x050bf890:   00000000 04c8b480 00000001 6d15e67e
0x050bf8a0:   04c8b480 6d1137c2 02431b58 00000000
0x050bf8b0:   6d1605b0 00000001 6d1b2f50 6d1b2938
0x050bf8c0:   02431b58 6d1619d2 6d1b2f48 6d161bb9
0x050bf8d0:   6d14a443 00000000 000013b8 00000000 

Instructions: (pc=0x6d166ad0)
0x6d166ac0:   05 00 20 00 00 50 c1 e2 05 8d 44 24 14 50 8b fa
0x6d166ad0:   8b 16 57 c1 e1 05 51 56 ff 52 2c 85 c0 0f 8c 93 


Stack: [0x05070000,0x050c0000],  sp=0x050bf860,  free space=13e050bf344k
Native frames: (J=compiled Java code, j=interpreted, Vv=VM code, C=native code)
C  [awt.dll+0xb6ad0]

Java frames: (J=compiled Java code, j=interpreted, Vv=VM code)
j  sun.awt.windows.WToolkit.eventLoop()V+0
j  sun.awt.windows.WToolkit.run()V+52
j  java.lang.Thread.run()V+11
v  ~StubRoutines::call_stub

---------------  P R O C E S S  ---------------

Java Threads: ( => current thread )
  0x04c9d800 JavaThread "Thread-1" daemon [_thread_in_native, id=5640, stack(0x06fc0000,0x07010000)]
  0x02458400 JavaThread "Thread-4" [_thread_blocked, id=4744, stack(0x070f0000,0x07140000)]
  0x04cf2800 JavaThread "AWT-EventQueue-1" [_thread_blocked, id=3076, stack(0x08200000,0x08250000)]
  0x04ce8400 JavaThread "TimerQueue" daemon [_thread_blocked, id=1224, stack(0x07fc0000,0x08010000)]
  0x002f9400 JavaThread "DestroyJavaVM" [_thread_blocked, id=3144, stack(0x00370000,0x003c0000)]
  0x04cc0c00 JavaThread "AWT-EventQueue-0" [_thread_blocked, id=3988, stack(0x07050000,0x070a0000)]
=>0x04c8b000 JavaThread "AWT-Windows" daemon [_thread_in_native, id=5048, stack(0x05070000,0x050c0000)]
  0x04c8a400 JavaThread "AWT-Shutdown" [_thread_blocked, id=5672, stack(0x04fe0000,0x05030000)]
  0x04c84400 JavaThread "Java2D Disposer" daemon [_thread_blocked, id=2848, stack(0x04f50000,0x04fa0000)]
  0x02442800 JavaThread "Low Memory Detector" daemon [_thread_blocked, id=2776, stack(0x049e0000,0x04a30000)]
  0x0243d400 JavaThread "CompilerThread0" daemon [_thread_blocked, id=3560, stack(0x04950000,0x049a0000)]
  0x0243c400 JavaThread "Attach Listener" daemon [_thread_blocked, id=3688, stack(0x048c0000,0x04910000)]
  0x02439400 JavaThread "Signal Dispatcher" daemon [_thread_blocked, id=3504, stack(0x04830000,0x04880000)]
  0x02430400 JavaThread "Finalizer" daemon [_thread_blocked, id=5844, stack(0x047a0000,0x047f0000)]
  0x0242ec00 JavaThread "Reference Handler" daemon [_thread_blocked, id=3304, stack(0x04710000,0x04760000)]

Other Threads:
  0x0242d800 VMThread [stack: 0x04680000,0x046d0000] [id=3472]
  0x02454400 WatcherThread [stack: 0x04a70000,0x04ac0000] [id=2392]

VM state:not at safepoint (normal execution)

VM Mutex/Monitor currently owned by a thread: None

Heap
 def new generation   total 4928K, used 2120K [0x241f0000, 0x24740000, 0x29740000)
  eden space 4416K,  36% used [0x241f0000, 0x24382010, 0x24640000)
  from space 512K, 100% used [0x246c0000, 0x24740000, 0x24740000)
  to   space 512K,   0% used [0x24640000, 0x24640000, 0x246c0000)
 tenured generation   total 10944K, used 291K [0x29740000, 0x2a1f0000, 0x341f0000)
   the space 10944K,   2% used [0x29740000, 0x29788fb8, 0x29789000, 0x2a1f0000)
 compacting perm gen  total 12288K, used 1276K [0x341f0000, 0x34df0000, 0x381f0000)
   the space 12288K,  10% used [0x341f0000, 0x3432f370, 0x3432f400, 0x34df0000)
    ro space 10240K,  54% used [0x381f0000, 0x3876c0f0, 0x3876c200, 0x38bf0000)
    rw space 12288K,  55% used [0x38bf0000, 0x3928fb80, 0x3928fc00, 0x397f0000)

Dynamic libraries:
0x00400000 - 0x00424000 	C:\Program Files (x86)\Java\jdk1.6.0_21\bin\java.exe
0x77d10000 - 0x77e90000 	C:\Windows\SysWOW64\ntdll.dll
0x775d0000 - 0x776d0000 	C:\Windows\syswow64\kernel32.dll
0x759b0000 - 0x759f6000 	C:\Windows\syswow64\KERNELBASE.dll
0x72f10000 - 0x72f47000 	C:\Program Files\AVAST Software\Avast\snxhk.dll
0x76d80000 - 0x76e20000 	C:\Windows\syswow64\ADVAPI32.dll
0x77860000 - 0x7790c000 	C:\Windows\syswow64\msvcrt.dll
0x75e20000 - 0x75e39000 	C:\Windows\SysWOW64\sechost.dll
0x770b0000 - 0x771a0000 	C:\Windows\syswow64\RPCRT4.dll
0x75880000 - 0x758e0000 	C:\Windows\syswow64\SspiCli.dll
0x75870000 - 0x7587c000 	C:\Windows\syswow64\CRYPTBASE.dll
0x7c340000 - 0x7c396000 	C:\Program Files (x86)\Java\jdk1.6.0_21\jre\bin\msvcr71.dll
0x6d8b0000 - 0x6db57000 	C:\Program Files (x86)\Java\jdk1.6.0_21\jre\bin\client\jvm.dll
0x77210000 - 0x77310000 	C:\Windows\syswow64\USER32.dll
0x75d90000 - 0x75e20000 	C:\Windows\syswow64\GDI32.dll
0x76d70000 - 0x76d7a000 	C:\Windows\syswow64\LPK.dll
0x776d0000 - 0x7776d000 	C:\Windows\syswow64\USP10.dll
0x72ed0000 - 0x72f02000 	C:\Windows\system32\WINMM.dll
0x75d30000 - 0x75d90000 	C:\Windows\system32\IMM32.DLL
0x75a30000 - 0x75afc000 	C:\Windows\syswow64\MSCTF.dll
0x729f0000 - 0x72a3b000 	C:\Windows\system32\apphelp.dll
0x6d860000 - 0x6d86c000 	C:\Program Files (x86)\Java\jdk1.6.0_21\jre\bin\verify.dll
0x6d3e0000 - 0x6d3ff000 	C:\Program Files (x86)\Java\jdk1.6.0_21\jre\bin\java.dll
0x6d340000 - 0x6d348000 	C:\Program Files (x86)\Java\jdk1.6.0_21\jre\bin\hpi.dll
0x76ff0000 - 0x76ff5000 	C:\Windows\syswow64\PSAPI.DLL
0x6d8a0000 - 0x6d8af000 	C:\Program Files (x86)\Java\jdk1.6.0_21\jre\bin\zip.dll
0x6d0b0000 - 0x6d1fa000 	C:\Program Files (x86)\Java\jdk1.6.0_21\jre\bin\awt.dll
0x72a80000 - 0x72ad1000 	C:\Windows\system32\WINSPOOL.DRV
0x77330000 - 0x7748c000 	C:\Windows\syswow64\ole32.dll
0x72f50000 - 0x730ee000 	C:\Windows\WinSxS\x86_microsoft.windows.common-controls_6595b64144ccf1df_6.0.7600.16661_none_420fe3fa2b8113bd\COMCTL32.dll
0x771a0000 - 0x771f7000 	C:\Windows\syswow64\SHLWAPI.dll
0x723e0000 - 0x723f3000 	C:\Windows\system32\DWMAPI.DLL
0x725b0000 - 0x72630000 	C:\Windows\system32\uxtheme.dll
0x6d2e0000 - 0x6d334000 	C:\Program Files (x86)\Java\jdk1.6.0_21\jre\bin\fontmanager.dll
0x67c60000 - 0x67e23000 	C:\Windows\system32\d3d9.dll
0x754c0000 - 0x754c9000 	C:\Windows\system32\VERSION.dll
0x718a0000 - 0x718a6000 	C:\Windows\system32\d3d8thk.dll
0x6bd80000 - 0x6c4fd000 	C:\Windows\system32\nvd3dum.dll
0x70670000 - 0x70695000 	C:\Windows\system32\powrprof.dll
0x76e50000 - 0x76fed000 	C:\Windows\syswow64\SETUPAPI.dll
0x76e20000 - 0x76e47000 	C:\Windows\syswow64\CFGMGR32.dll
0x76ae0000 - 0x76b6f000 	C:\Windows\syswow64\OLEAUT32.dll
0x77310000 - 0x77322000 	C:\Windows\syswow64\DEVOBJ.dll
0x6d6c0000 - 0x6d6d3000 	C:\Program Files (x86)\Java\jdk1.6.0_21\jre\bin\net.dll
0x75970000 - 0x759a5000 	C:\Windows\syswow64\WS2_32.dll
0x05130000 - 0x05136000 	C:\Windows\syswow64\NSI.dll
0x732e0000 - 0x7331c000 	C:\Windows\system32\mswsock.dll
0x73180000 - 0x73186000 	C:\Windows\System32\wship6.dll
0x6d6e0000 - 0x6d6e9000 	C:\Program Files (x86)\Java\jdk1.6.0_21\jre\bin\nio.dll
0x777d0000 - 0x77853000 	C:\Windows\syswow64\CLBCatQ.DLL
0x75e40000 - 0x76a89000 	C:\Windows\syswow64\shell32.dll
0x6d250000 - 0x6d273000 	C:\Program Files (x86)\Java\jdk1.6.0_21\jre\bin\dcpr.dll

VM Arguments:
jvm_args: -Djava.security.policy=applet.policy 
java_command: sun.applet.AppletViewer file:C:/Users/Jason/Documents/NetBeansProjects/practica1_SSII/build/JuegoForm.html
Launcher Type: SUN_STANDARD

Environment Variables:
PATH=C:\Program Files\Common Files\Microsoft Shared\Windows Live;C:\Program Files (x86)\Common Files\Microsoft Shared\Windows Live;C:\Windows\system32;C:\Windows;C:\Windows\System32\Wbem;C:\Windows\System32\WindowsPowerShell\v1.0\;C:\Program Files (x86)\EgisTec\MyWinLocker 3\x86;C:\Program Files (x86)\EgisTec\MyWinLocker 3\x64;C:\Program Files (x86)\MATLAB\R2008a\bin;C:\Program Files (x86)\MATLAB\R2008a\bin\win32;C:\Program Files (x86)\Java\jdk1.6.0_21\bin;C:\Program Files (x86)\Java\jdk1.6.0_19\bin;C:\Program Files (x86)\Windows Live\Shared;C:\Program Files (x86)\Microsoft ASP.NET\ASP.NET Web Pages\v1.0\;C:\Program Files\Microsoft SQL Server\110\Tools\Binn\
USERNAME=Jason
OS=Windows_NT
PROCESSOR_IDENTIFIER=Intel64 Family 6 Model 37 Stepping 2, GenuineIntel



---------------  S Y S T E M  ---------------

OS: Windows 7 Build 7600 

CPU:total 4 (8 cores per cpu, 2 threads per core) family 6 model 37 stepping 2, cmov, cx8, fxsr, mmx, sse, sse2, sse3, ssse3, sse4.1, sse4.2, popcnt, ht

Memory: 4k page, physical 4053788k(1405196k free), swap 8105676k(4598228k free)

vm_info: Java HotSpot(TM) Client VM (17.0-b17) for windows-x86 JRE (1.6.0_21-b07), built on Jul 17 2010 01:10:15 by "java_re" with MS VC++ 7.1 (VS2003)

time: Wed Oct 17 17:59:17 2012
elapsed time: 399 seconds

